Unity Editor version:    2020.3.27f1 (e759542391ea)
Branch:                  2020.3/release
Build type:              Release
Batch mode:              YES
macOS version:           Version 11.6.7 (Build 20G630)
Darwin version:          20.6.0
Architecture:            x86_64
Running under Rosetta:   NO
Available memory:        16384 MB
Using pre-set license
Pro License: NO

COMMAND LINE ARGUMENTS:
/var/folders/tk/_nr8zz516y5gst30r19sx05h0000gq/T/AppTranslocation/BBB13FD8-E7E1-4211-A257-6B14BE85015C/d/Unity.app/Contents/MacOS/Unity
-adb2
-batchMode
-noUpm
-name
AssetImportWorker0
-projectPath
/Users/student/Ruby's Adventure
-logFile
Logs/AssetImportWorker0.log
-srvPort
49563
Successfully changed project path to: /Users/student/Ruby's Adventure
/Users/student/Ruby's Adventure
Using Asset Import Pipeline V2.
Error (Result too large) occured whilst enumerating /var/folders/tk/_nr8zz516y5gst30r19sx05h0000gq/T/AppTranslocation/BBB13FD8-E7E1-4211-A257-6B14BE85015C
Refreshing native plugins compatible for Editor in 48.01 ms, found 3 plugins.
Preloading 0 native plugins for Editor in 0.00 ms.
Initialize engine version: 2020.3.27f1 (e759542391ea)
[Subsystems] Discovering subsystems at path /var/folders/tk/_nr8zz516y5gst30r19sx05h0000gq/T/AppTranslocation/BBB13FD8-E7E1-4211-A257-6B14BE85015C/d/Unity.app/Contents/Resources/UnitySubsystems
[Subsystems] Discovering subsystems at path /Users/student/Ruby's Adventure/Assets
GfxDevice: creating device client; threaded=0
2023-12-06 09:02:38.363 Unity[11244:11085882] iMac preferred device: AMD Radeon Pro 5500 XT (high power)
2023-12-06 09:02:38.363 Unity[11244:11085882] Metal devices available: 1
2023-12-06 09:02:38.363 Unity[11244:11085882] 0: AMD Radeon Pro 5500 XT (high power)
2023-12-06 09:02:38.363 Unity[11244:11085882] Using device AMD Radeon Pro 5500 XT (high power)
Initializing Metal device caps: AMD Radeon Pro 5500 XT
Initialize mono
Mono path[0] = '/var/folders/tk/_nr8zz516y5gst30r19sx05h0000gq/T/AppTranslocation/BBB13FD8-E7E1-4211-A257-6B14BE85015C/d/Unity.app/Contents/Managed'
Mono path[1] = '/var/folders/tk/_nr8zz516y5gst30r19sx05h0000gq/T/AppTranslocation/BBB13FD8-E7E1-4211-A257-6B14BE85015C/d/Unity.app/Contents/MonoBleedingEdge/lib/mono/unityjit'
Mono config path = '/var/folders/tk/_nr8zz516y5gst30r19sx05h0000gq/T/AppTranslocation/BBB13FD8-E7E1-4211-A257-6B14BE85015C/d/Unity.app/Contents/MonoBleedingEdge/etc'
Using monoOptions --debugger-agent=transport=dt_socket,embedding=1,server=y,suspend=n,address=127.0.0.1:56244
Begin MonoManager ReloadAssembly
Registering precompiled unity dll's ...
Register platform support module: /var/folders/tk/_nr8zz516y5gst30r19sx05h0000gq/T/AppTranslocation/BBB13FD8-E7E1-4211-A257-6B14BE85015C/d/Unity.app/Contents/PlaybackEngines/MacStandaloneSupport/UnityEditor.OSXStandalone.Extensions.dll
Registered in 0.000605 seconds.
Native extension for OSXStandalone target not found
Refreshing native plugins compatible for Editor in 53.59 ms, found 3 plugins.
Preloading 0 native plugins for Editor in 0.00 ms.
Mono: successfully reloaded assembly
- Completed reload, in  0.705 seconds
Domain Reload Profiling:
	ReloadAssembly (705ms)
		BeginReloadAssembly (44ms)
			ExecutionOrderSort (0ms)
			DisableScriptedObjects (0ms)
			BackupInstance (0ms)
			ReleaseScriptingObjects (0ms)
			CreateAndSetChildDomain (1ms)
		EndReloadAssembly (588ms)
			LoadAssemblies (43ms)
			RebuildTransferFunctionScriptingTraits (0ms)
			SetupTypeCache (172ms)
			ReleaseScriptCaches (0ms)
			RebuildScriptCaches (53ms)
			SetupLoadedEditorAssemblies (262ms)
				LogAssemblyErrors (0ms)
				InitializePlatformSupportModulesInManaged (5ms)
				SetLoadedEditorAssemblies (0ms)
				RefreshPlugins (54ms)
				BeforeProcessingInitializeOnLoad (10ms)
				ProcessInitializeOnLoadAttributes (149ms)
				ProcessInitializeOnLoadMethodAttributes (44ms)
				AfterProcessingInitializeOnLoad (0ms)
				EditorAssembliesLoaded (0ms)
			ExecutionOrderSort2 (0ms)
			AwakeInstancesAfterBackupRestoration (0ms)
Platform modules already initialized, skipping
Registering precompiled user dll's ...
Registered in 0.008605 seconds.
Begin MonoManager ReloadAssembly
Native extension for OSXStandalone target not found
Refreshing native plugins compatible for Editor in 36.93 ms, found 3 plugins.
Preloading 0 native plugins for Editor in 0.00 ms.
Mono: successfully reloaded assembly
- Completed reload, in  1.098 seconds
Domain Reload Profiling:
	ReloadAssembly (1100ms)
		BeginReloadAssembly (144ms)
			ExecutionOrderSort (0ms)
			DisableScriptedObjects (5ms)
			BackupInstance (0ms)
			ReleaseScriptingObjects (0ms)
			CreateAndSetChildDomain (28ms)
		EndReloadAssembly (898ms)
			LoadAssemblies (104ms)
			RebuildTransferFunctionScriptingTraits (0ms)
			SetupTypeCache (321ms)
			ReleaseScriptCaches (0ms)
			RebuildScriptCaches (52ms)
			SetupLoadedEditorAssemblies (311ms)
				LogAssemblyErrors (0ms)
				InitializePlatformSupportModulesInManaged (3ms)
				SetLoadedEditorAssemblies (0ms)
				RefreshPlugins (37ms)
				BeforeProcessingInitializeOnLoad (52ms)
				ProcessInitializeOnLoadAttributes (198ms)
				ProcessInitializeOnLoadMethodAttributes (19ms)
				AfterProcessingInitializeOnLoad (2ms)
				EditorAssembliesLoaded (0ms)
			ExecutionOrderSort2 (0ms)
			AwakeInstancesAfterBackupRestoration (6ms)
Platform modules already initialized, skipping
Validating Project structure ... 0.002620 seconds.
Shader import version has changed; will reimport all shaders...
Upgrading shader files ...0.003141 seconds.
Application.AssetDatabase Initial Script Refresh Start
RefreshInfo: InitialScriptRefreshV2(NoUpdateAssetOptions) scanfilter:  ... 1 filters
RefreshProfiler: Total: 0.000ms
Application.AssetDatabase Initial Script Refresh End
Application.AssetDatabase.Refresh Start
Application.AssetDatabase.Refresh End
RefreshInfo: StopAssetImportingV2(ForceSynchronousImport) scanfilter: 
RefreshProfiler: Total: 0.000ms
Launching external process: /var/folders/tk/_nr8zz516y5gst30r19sx05h0000gq/T/AppTranslocation/BBB13FD8-E7E1-4211-A257-6B14BE85015C/d/Unity.app/Contents/Tools/UnityShaderCompiler
Launched and connected shader compiler UnityShaderCompiler after 0.01 seconds
Initializing Unity extensions:
========================================================================
Worker process is ready to serve import requests
Refreshing native plugins compatible for Editor in 0.43 ms, found 3 plugins.
Preloading 0 native plugins for Editor in 0.00 ms.
Unloading 2202 Unused Serialized files (Serialized files now loaded: 0)
System memory in use before: 212.7 MB.
System memory in use after: 211.8 MB.

Unloading 111 unused Assets to reduce memory usage. Loaded Objects now: 2670.
Total: 2.977666 ms (FindLiveObjects: 0.167889 ms CreateObjectMapping: 0.080905 ms MarkObjects: 2.268424 ms  DeleteObjects: 0.459758 ms)

AssetImportParameters requested are different than current active one (requested -> active):
  custom:video-decoder-ogg-theora: a1e56fd34408186e4bbccfd4996cb3dc -> 
  custom:container-muxer-webm: aa71ff27fc2769a1b78a27578f13a17b -> 
  custom:container-demuxer-webm: 4f35f7cbe854078d1ac9338744f61a02 -> 
  custom:container-demuxer-ogg: 62fdf1f143b41e24485cea50d1cbac27 -> 
  custom:video-encoder-webm-vp8: eb34c28f22e8b96e1ab97ce403110664 -> 
  custom:framework-osx-AVFoundation: e770b220cccbd017edd2c1fefb359320 -> 
  custom:video-decoder-webm-vp8: 9c59270c3fd7afecdb556c50c9e8de78 -> 
  custom:audio-decoder-ogg-vorbis: bf7c407c2cedff20999df2af8eb42d56 -> 
  custom:audio-encoder-webm-vorbis: bf7c407c2cedff20999df2af8eb42d56 -> 
========================================================================
Received Import Request.
  path: Assets/Scripts/EnemyController.cs
  artifactKey: Guid(0a9a7c9fe18014e61b50a8441058e421) Importer(815301076,1909f56bfc062723c751e8b465ee728b)
Start importing Assets/Scripts/EnemyController.cs using Guid(0a9a7c9fe18014e61b50a8441058e421) Importer(815301076,1909f56bfc062723c751e8b465ee728b)  -> (artifact id: '4f5db0be973b5efa5ee65f4694d44b4f') in 0.345891 seconds 
  Import took 0.352939 seconds .

========================================================================
Received Import Request.
  Time since last request: 211.636157 seconds.
  path: Assets/Scripts/RubyController.cs
  artifactKey: Guid(f914d9d8afefe4efb925aefe5b22fcb7) Importer(815301076,1909f56bfc062723c751e8b465ee728b)
Start importing Assets/Scripts/RubyController.cs using Guid(f914d9d8afefe4efb925aefe5b22fcb7) Importer(815301076,1909f56bfc062723c751e8b465ee728b)  -> (artifact id: '7c4a29c2efdd6759f3c4645c509661f2') in 0.003259 seconds 
  Import took 0.006209 seconds .

